<?xml version="1.0" encoding="UTF-8"?>
<!-- Generated by org.testng.reporters.JUnitReportReporter -->
<testsuite hostname="DESKTOP-1ALAH1N" failures="0" tests="3" name="testNGAnnotation_Flags.GoogleSearchTestCase" time="39.911" errors="0" timestamp="2023-07-21T15:16:07 IST" skipped="0">
  <testcase classname="testNGAnnotation_Flags.GoogleSearchTestCase" name="search2" time="8.898"/>
  <testcase classname="testNGAnnotation_Flags.GoogleSearchTestCase" name="search1" time="16.770"/>
  <testcase classname="testNGAnnotation_Flags.GoogleSearchTestCase" name="search3" time="14.243"/>
</testsuite> <!-- testNGAnnotation_Flags.GoogleSearchTestCase -->
