<?xml version="1.0" encoding="UTF-8"?>
<!-- Generated by org.testng.reporters.JUnitReportReporter -->
<testsuite hostname="DESKTOP-1ALAH1N" failures="0" tests="1" name="TestNGPackage.Sumo" time="10.670" errors="0" timestamp="2023-07-21T14:45:27 IST" skipped="0">
  <testcase classname="TestNGPackage.Sumo" name="f" time="10.670">
    <system-out>
      <![CDATA[This is a Sumo testNG class]]>
    </system-out>
  </testcase> <!-- f -->
  <system-out>
    <![CDATA[This is a Demo TestNG Class
This is a Remo testNG class 
This is a Sumo testNG class]]>
  </system-out>
</testsuite> <!-- TestNGPackage.Sumo -->
