<?xml version="1.0" encoding="UTF-8"?>
<!-- Generated by org.testng.reporters.JUnitReportReporter -->
<testsuite hostname="DESKTOP-1ALAH1N" failures="0" tests="2" name="TestNGExecution.SelectBrowser" time="25.654" errors="0" timestamp="2023-07-21T15:08:54 IST" skipped="0">
  <testcase classname="TestNGExecution.SelectBrowser" name="chromeMethod" time="0.013"/>
  <testcase classname="TestNGExecution.SelectBrowser" name="chromeMethod" time="25.641"/>
</testsuite> <!-- TestNGExecution.SelectBrowser -->
