<?xml version="1.0" encoding="UTF-8"?>
<!-- Generated by org.testng.reporters.JUnitReportReporter -->
<testsuite hostname="DESKTOP-1ALAH1N" failures="0" tests="2" name="testNGAnnotation_Flags.AnnotationClass" time="0.021" errors="0" timestamp="2023-07-19T19:18:20 IST" skipped="0">
  <testcase classname="testNGAnnotation_Flags.AnnotationClass" name="method10" time="0.007">
    <system-out>
      <![CDATA[This is a method10 Annatotaion]]>
    </system-out>
  </testcase> <!-- method10 -->
  <testcase classname="testNGAnnotation_Flags.AnnotationClass" name="method1" time="0.014">
    <system-out>
      <![CDATA[This is method1 of Annotation]]>
    </system-out>
  </testcase> <!-- method1 -->
  <system-out>
    <![CDATA[BeforesuitAnnotation
BeforeTestAnnotation
BeforeClassAnnotation
BeforeMethodAnnotation
This is method1 of Annotation
AfterMethodAnnotation
BeforeMethodAnnotation
This is a method10 Annatotaion
AfterMethodAnnotation
AfterClassAnnotation
AfterTestAnnotation
AfterSuiteAnnotation]]>
  </system-out>
</testsuite> <!-- testNGAnnotation_Flags.AnnotationClass -->
