<?xml version="1.0" encoding="UTF-8"?>
<!-- Generated by org.testng.reporters.JUnitReportReporter -->
<testsuite hostname="DESKTOP-1ALAH1N" failures="0" tests="1" name="takeScreenShot.SelectBrowser" time="44.214" errors="0" timestamp="2023-07-18T15:50:13 IST" skipped="0">
  <testcase classname="takeScreenShot.SelectBrowser" name="chromeMethod" time="44.214"/>
</testsuite> <!-- takeScreenShot.SelectBrowser -->
