<?xml version="1.0" encoding="UTF-8"?>
<!-- Generated by org.testng.reporters.JUnitReportReporter -->
<testsuite hostname="DESKTOP-1ALAH1N" failures="0" tests="2" name="TestNGExecution.TestMethod2" time="0.053" errors="0" timestamp="2023-07-21T15:07:26 IST" skipped="0">
  <testcase classname="TestNGExecution.TestMethod2" name="testMethod4" time="0.003">
    <system-out>
      <![CDATA[thread id of testMethod5:19]]>
    </system-out>
  </testcase> <!-- testMethod4 -->
  <testcase classname="TestNGExecution.TestMethod2" name="testMethod3" time="0.050">
    <system-out>
      <![CDATA[thread id of testMethod3:23]]>
    </system-out>
  </testcase> <!-- testMethod3 -->
  <system-out>
    <![CDATA[thread id of testMethod1:19
thread id of testMethod6:22
thread id of testMethod2:20
thread id of testMethod5:21
thread id of testMethod5:19
thread id of testMethod3:23]]>
  </system-out>
</testsuite> <!-- TestNGExecution.TestMethod2 -->
