<?xml version="1.0" encoding="UTF-8"?>
<!-- Generated by org.testng.reporters.JUnitReportReporter -->
<testsuite hostname="DESKTOP-1ALAH1N" failures="0" tests="2" name="TestNGPackage2.Sumo1" time="0.013" errors="0" timestamp="2023-07-21T14:46:24 IST" skipped="0">
  <testcase classname="TestNGPackage2.Sumo1" name="method5" time="0.010">
    <system-out>
      <![CDATA[This is a method5]]>
    </system-out>
  </testcase> <!-- method5 -->
  <testcase classname="TestNGPackage2.Sumo1" name="method6" time="0.003">
    <system-out>
      <![CDATA[This is a method6]]>
    </system-out>
  </testcase> <!-- method6 -->
  <system-out>
    <![CDATA[This is a method5
This is a method6
This is a method1
This is a method2
This is a method3
This is a method4]]>
  </system-out>
</testsuite> <!-- TestNGPackage2.Sumo1 -->
