<?xml version="1.0" encoding="UTF-8"?>
<!-- Generated by org.testng.reporters.JUnitReportReporter -->
<testsuite hostname="DESKTOP-1ALAH1N" failures="0" tests="2" name="TestNGExecution.TestMethod3" time="0.048" errors="0" timestamp="2023-07-21T15:07:25 IST" skipped="0">
  <testcase classname="TestNGExecution.TestMethod3" name="testMethod5" time="0.026">
    <system-out>
      <![CDATA[thread id of testMethod5:21]]>
    </system-out>
  </testcase> <!-- testMethod5 -->
  <testcase classname="TestNGExecution.TestMethod3" name="testMethod6" time="0.022">
    <system-out>
      <![CDATA[thread id of testMethod6:22]]>
    </system-out>
  </testcase> <!-- testMethod6 -->
  <system-out>
    <![CDATA[thread id of testMethod1:19
thread id of testMethod6:22
thread id of testMethod2:20
thread id of testMethod5:21
thread id of testMethod5:19
thread id of testMethod3:23]]>
  </system-out>
</testsuite> <!-- TestNGExecution.TestMethod3 -->
