<?xml version="1.0" encoding="UTF-8"?>
<!-- Generated by org.testng.reporters.JUnitReportReporter -->
<testsuite hostname="DESKTOP-1ALAH1N" failures="0" tests="1" name="TestNGExecution.Test1" time="20.477" errors="0" timestamp="2023-07-21T15:06:48 IST" skipped="0">
  <testcase classname="TestNGExecution.Test1" name="test1Method" time="20.477"/>
</testsuite> <!-- TestNGExecution.Test1 -->
