<?xml version="1.0" encoding="UTF-8"?>
<!-- Generated by org.testng.reporters.JUnitReportReporter -->
<testsuite hostname="DESKTOP-1ALAH1N" failures="0" tests="8" name="testNGAnnotation_Flags.Flag4" time="0.044" errors="0" timestamp="2023-07-23T22:54:08 IST" skipped="0">
  <testcase classname="testNGAnnotation_Flags.Flag4" name="d" time="0.013"/>
  <testcase classname="testNGAnnotation_Flags.Flag4" name="f" time="0.004"/>
  <testcase classname="testNGAnnotation_Flags.Flag4" name="e" time="0.003"/>
  <testcase classname="testNGAnnotation_Flags.Flag4" name="i" time="0.005"/>
  <testcase classname="testNGAnnotation_Flags.Flag4" name="p" time="0.006"/>
  <testcase classname="testNGAnnotation_Flags.Flag4" name="k" time="0.004"/>
  <testcase classname="testNGAnnotation_Flags.Flag4" name="m" time="0.002"/>
  <testcase classname="testNGAnnotation_Flags.Flag4" name="z" time="0.007"/>
</testsuite> <!-- testNGAnnotation_Flags.Flag4 -->
