<?xml version="1.0" encoding="UTF-8"?>
<!-- Generated by org.testng.reporters.JUnitReportReporter -->
<testsuite hostname="DESKTOP-1ALAH1N" failures="0" tests="2" name="TestNGPackage2.Demo1" time="0.006" errors="0" timestamp="2023-07-21T14:46:24 IST" skipped="0">
  <testcase classname="TestNGPackage2.Demo1" name="method1" time="0.003">
    <system-out>
      <![CDATA[This is a method1]]>
    </system-out>
  </testcase> <!-- method1 -->
  <testcase classname="TestNGPackage2.Demo1" name="method2" time="0.003">
    <system-out>
      <![CDATA[This is a method2]]>
    </system-out>
  </testcase> <!-- method2 -->
  <system-out>
    <![CDATA[This is a method5
This is a method6
This is a method1
This is a method2
This is a method3
This is a method4]]>
  </system-out>
</testsuite> <!-- TestNGPackage2.Demo1 -->
