<?xml version="1.0" encoding="UTF-8"?>
<!-- Generated by org.testng.reporters.JUnitReportReporter -->
<testsuite hostname="DESKTOP-1ALAH1N" failures="0" tests="2" name="testNGAnnotation_Flags.Flag2" time="0.014" errors="0" timestamp="2023-07-21T14:16:21 IST" skipped="0">
  <testcase classname="testNGAnnotation_Flags.Flag2" name="method1" time="0.010">
    <system-out>
      <![CDATA[method1 from flag2]]>
    </system-out>
  </testcase> <!-- method1 -->
  <testcase classname="testNGAnnotation_Flags.Flag2" name="method2" time="0.004">
    <system-out>
      <![CDATA[method2 from flag2]]>
    </system-out>
  </testcase> <!-- method2 -->
  <system-out>
    <![CDATA[method1 from flag2
method2 from flag2]]>
  </system-out>
</testsuite> <!-- testNGAnnotation_Flags.Flag2 -->
