<?xml version="1.0" encoding="UTF-8"?>
<!-- Generated by org.testng.reporters.JUnitReportReporter -->
<testsuite hostname="DESKTOP-1ALAH1N" failures="0" tests="2" name="TestNGExecution.TestMethod1" time="0.041" errors="0" timestamp="2023-07-21T15:07:26 IST" skipped="0">
  <testcase classname="TestNGExecution.TestMethod1" name="testMethod2" time="0.024">
    <system-out>
      <![CDATA[thread id of testMethod2:20]]>
    </system-out>
  </testcase> <!-- testMethod2 -->
  <testcase classname="TestNGExecution.TestMethod1" name="testMethod1" time="0.017">
    <system-out>
      <![CDATA[thread id of testMethod1:19]]>
    </system-out>
  </testcase> <!-- testMethod1 -->
  <system-out>
    <![CDATA[thread id of testMethod1:19
thread id of testMethod6:22
thread id of testMethod2:20
thread id of testMethod5:21
thread id of testMethod5:19
thread id of testMethod3:23]]>
  </system-out>
</testsuite> <!-- TestNGExecution.TestMethod1 -->
