<?xml version="1.0" encoding="UTF-8"?>
<!-- Generated by org.testng.reporters.JUnitReportReporter -->
<testsuite hostname="DESKTOP-1ALAH1N" failures="0" tests="18" name="testNGAnnotation_Flags.Flag6" time="0.089" errors="0" timestamp="2023-07-24T14:06:24 IST" skipped="0">
  <testcase classname="testNGAnnotation_Flags.Flag6" name="it5" time="0.001">
    <system-out>
      <![CDATA[ITC5]]>
    </system-out>
  </testcase> <!-- it5 -->
  <testcase classname="testNGAnnotation_Flags.Flag6" name="it6" time="0.001">
    <system-out>
      <![CDATA[ITC6]]>
    </system-out>
  </testcase> <!-- it6 -->
  <testcase classname="testNGAnnotation_Flags.Flag6" name="it3" time="0.002">
    <system-out>
      <![CDATA[ITC3]]>
    </system-out>
  </testcase> <!-- it3 -->
  <testcase classname="testNGAnnotation_Flags.Flag6" name="it4" time="0.001">
    <system-out>
      <![CDATA[ITC4]]>
    </system-out>
  </testcase> <!-- it4 -->
  <testcase classname="testNGAnnotation_Flags.Flag6" name="st3" time="0.002">
    <system-out>
      <![CDATA[STC3]]>
    </system-out>
  </testcase> <!-- st3 -->
  <testcase classname="testNGAnnotation_Flags.Flag6" name="st5" time="0.008">
    <system-out>
      <![CDATA[STC5]]>
    </system-out>
  </testcase> <!-- st5 -->
  <testcase classname="testNGAnnotation_Flags.Flag6" name="ft1" time="0.028">
    <system-out>
      <![CDATA[FTC1]]>
    </system-out>
  </testcase> <!-- ft1 -->
  <testcase classname="testNGAnnotation_Flags.Flag6" name="ft3" time="0.005">
    <system-out>
      <![CDATA[FTC3]]>
    </system-out>
  </testcase> <!-- ft3 -->
  <testcase classname="testNGAnnotation_Flags.Flag6" name="st6" time="0.001">
    <system-out>
      <![CDATA[STC6]]>
    </system-out>
  </testcase> <!-- st6 -->
  <testcase classname="testNGAnnotation_Flags.Flag6" name="it1" time="0.003">
    <system-out>
      <![CDATA[ITC1]]>
    </system-out>
  </testcase> <!-- it1 -->
  <testcase classname="testNGAnnotation_Flags.Flag6" name="ft5" time="0.002">
    <system-out>
      <![CDATA[FTC5]]>
    </system-out>
  </testcase> <!-- ft5 -->
  <testcase classname="testNGAnnotation_Flags.Flag6" name="ft6" time="0.002">
    <system-out>
      <![CDATA[FTC6]]>
    </system-out>
  </testcase> <!-- ft6 -->
  <testcase classname="testNGAnnotation_Flags.Flag6" name="st2" time="0.001">
    <system-out>
      <![CDATA[STC2]]>
    </system-out>
  </testcase> <!-- st2 -->
  <testcase classname="testNGAnnotation_Flags.Flag6" name="ft4" time="0.002">
    <system-out>
      <![CDATA[FTC4]]>
    </system-out>
  </testcase> <!-- ft4 -->
  <testcase classname="testNGAnnotation_Flags.Flag6" name="it2" time="0.006">
    <system-out>
      <![CDATA[ITC2]]>
    </system-out>
  </testcase> <!-- it2 -->
  <testcase classname="testNGAnnotation_Flags.Flag6" name="st4" time="0.009">
    <system-out>
      <![CDATA[STC4]]>
    </system-out>
  </testcase> <!-- st4 -->
  <testcase classname="testNGAnnotation_Flags.Flag6" name="st1" time="0.010">
    <system-out>
      <![CDATA[STC1]]>
    </system-out>
  </testcase> <!-- st1 -->
  <testcase classname="testNGAnnotation_Flags.Flag6" name="ft2" time="0.005">
    <system-out>
      <![CDATA[FTC2]]>
    </system-out>
  </testcase> <!-- ft2 -->
  <system-out>
    <![CDATA[FTC1
FTC2
FTC3
FTC4
FTC5
FTC6
ITC1
ITC2
ITC3
ITC4
ITC5
ITC6
STC1
STC2
STC3
STC4
STC5
STC6]]>
  </system-out>
</testsuite> <!-- testNGAnnotation_Flags.Flag6 -->
