<?xml version="1.0" encoding="UTF-8"?>
<!-- Generated by org.testng.reporters.JUnitReportReporter -->
<testsuite hostname="DESKTOP-1ALAH1N" failures="0" tests="2" name="testNGAnnotation_Flags.Flag1" time="0.092" errors="0" timestamp="2023-07-23T22:43:18 IST" skipped="0">
  <testcase classname="testNGAnnotation_Flags.Flag1" name="method1" time="0.089">
    <system-out>
      <![CDATA[method1 from flag1]]>
    </system-out>
  </testcase> <!-- method1 -->
  <testcase classname="testNGAnnotation_Flags.Flag1" name="method2" time="0.003">
    <system-out>
      <![CDATA[method2 from flag1]]>
    </system-out>
  </testcase> <!-- method2 -->
  <system-out>
    <![CDATA[method1 from flag1
method2 from flag1]]>
  </system-out>
</testsuite> <!-- testNGAnnotation_Flags.Flag1 -->
