<?xml version="1.0" encoding="UTF-8"?>
<!-- Generated by org.testng.reporters.JUnitReportReporter -->
<testsuite hostname="DESKTOP-1ALAH1N" failures="0" tests="2" name="TestNGPackage2.Remo1" time="0.007" errors="0" timestamp="2023-07-21T14:46:24 IST" skipped="0">
  <testcase classname="TestNGPackage2.Remo1" name="method4" time="0.003">
    <system-out>
      <![CDATA[This is a method4]]>
    </system-out>
  </testcase> <!-- method4 -->
  <testcase classname="TestNGPackage2.Remo1" name="method3" time="0.004">
    <system-out>
      <![CDATA[This is a method3]]>
    </system-out>
  </testcase> <!-- method3 -->
  <system-out>
    <![CDATA[This is a method5
This is a method6
This is a method1
This is a method2
This is a method3
This is a method4]]>
  </system-out>
</testsuite> <!-- TestNGPackage2.Remo1 -->
