<?xml version="1.0" encoding="UTF-8"?>
<!-- Generated by org.testng.reporters.JUnitReportReporter -->
<testsuite hostname="DESKTOP-1ALAH1N" failures="0" tests="3" name="TestNGPackage.TestCase" time="155.757" errors="0" timestamp="2023-07-28T13:54:27 IST" skipped="0">
  <testcase classname="TestNGPackage.TestCase" name="createUser" time="52.834">
    <system-out>
      <![CDATA[Test Stareted
Test Exceuted sucessfully]]>
    </system-out>
  </testcase> <!-- createUser -->
  <testcase classname="TestNGPackage.TestCase" name="loginMethod" time="78.207">
    <system-out>
      <![CDATA[Test Stareted
Test Exceuted sucessfully]]>
    </system-out>
  </testcase> <!-- loginMethod -->
  <testcase classname="TestNGPackage.TestCase" name="logOut" time="24.716">
    <system-out>
      <![CDATA[Test Stareted
Test Exceuted sucessfully]]>
    </system-out>
  </testcase> <!-- logOut -->
  <system-out>
    <![CDATA[Actual Test Started
Test Stareted
Test Exceuted sucessfully
Test Stareted
Test Exceuted sucessfully
Test Stareted
Test Exceuted sucessfully]]>
  </system-out>
</testsuite> <!-- TestNGPackage.TestCase -->
