<?xml version="1.0" encoding="UTF-8"?>
<!-- Generated by org.testng.reporters.JUnitReportReporter -->
<testsuite hostname="DESKTOP-1ALAH1N" failures="0" tests="1" name="TestNGExecution.Test3" time="26.760" errors="0" timestamp="2023-07-21T15:06:48 IST" skipped="0">
  <testcase classname="TestNGExecution.Test3" name="test3Method" time="26.760"/>
</testsuite> <!-- TestNGExecution.Test3 -->
